[debug] [2021-08-06T01:18:33.120Z] ----------------------------------------------------------------------
[debug] [2021-08-06T01:18:33.122Z] Command:       C:\Program Files\nodejs\node.exe C:\Users\admin\AppData\Roaming\npm\node_modules\firebase-tools\lib\bin\firebase.js --debug deploy
[debug] [2021-08-06T01:18:33.122Z] CLI Version:   9.10.0
[debug] [2021-08-06T01:18:33.122Z] Platform:      win32
[debug] [2021-08-06T01:18:33.123Z] Node Version:  v14.16.1
[debug] [2021-08-06T01:18:33.124Z] Time:          Thu Aug 05 2021 18:18:33 GMT-0700 (Pacific Daylight Time)
[debug] [2021-08-06T01:18:33.124Z] ----------------------------------------------------------------------
[debug] 
[debug] [2021-08-06T01:18:33.134Z] > command requires scopes: ["email","openid","https://www.googleapis.com/auth/cloudplatformprojects.readonly","https://www.googleapis.com/auth/firebase","https://www.googleapis.com/auth/cloud-platform"]
[debug] [2021-08-06T01:18:33.135Z] > authorizing via signed-in user (peterarmstrong846@gmail.com)
[debug] [2021-08-06T01:18:33.136Z] [iam] checking project criminalalertdb for permissions ["cloudfunctions.functions.create","cloudfunctions.functions.delete","cloudfunctions.functions.get","cloudfunctions.functions.list","cloudfunctions.functions.update","cloudfunctions.operations.get","firebase.projects.get","firebasehosting.sites.update"]
[debug] [2021-08-06T01:18:33.138Z] >>> HTTP REQUEST POST https://cloudresourcemanager.googleapis.com/v1/projects/criminalalertdb:testIamPermissions  
 {"permissions":["cloudfunctions.functions.create","cloudfunctions.functions.delete","cloudfunctions.functions.get","cloudfunctions.functions.list","cloudfunctions.functions.update","cloudfunctions.operations.get","firebase.projects.get","firebasehosting.sites.update"]}
[debug] [2021-08-06T01:18:33.408Z] <<< HTTP RESPONSE 200 {"content-type":"application/json; charset=UTF-8","vary":"X-Origin, Referer, Origin,Accept-Encoding","date":"Fri, 06 Aug 2021 01:18:31 GMT","server":"ESF","cache-control":"private","x-xss-protection":"0","x-frame-options":"SAMEORIGIN","x-content-type-options":"nosniff","server-timing":"gfet4t7; dur=183","alt-svc":"h3=\":443\"; ma=2592000,h3-29=\":443\"; ma=2592000,h3-T051=\":443\"; ma=2592000,h3-Q050=\":443\"; ma=2592000,h3-Q046=\":443\"; ma=2592000,h3-Q043=\":443\"; ma=2592000,quic=\":443\"; ma=2592000; v=\"46,43\"","accept-ranges":"none","transfer-encoding":"chunked"}
[debug] [2021-08-06T01:18:33.409Z] >>> HTTP REQUEST POST https://iam.googleapis.com/v1/projects/criminalalertdb/serviceAccounts/criminalalertdb@appspot.gserviceaccount.com:testIamPermissions  
 {"permissions":["iam.serviceAccounts.actAs"]}
[debug] [2021-08-06T01:18:33.727Z] <<< HTTP RESPONSE 200 {"content-type":"application/json; charset=UTF-8","vary":"X-Origin, Referer, Origin,Accept-Encoding","date":"Fri, 06 Aug 2021 01:18:32 GMT","server":"ESF","cache-control":"private","x-xss-protection":"0","x-frame-options":"SAMEORIGIN","x-content-type-options":"nosniff","alt-svc":"h3=\":443\"; ma=2592000,h3-29=\":443\"; ma=2592000,h3-T051=\":443\"; ma=2592000,h3-Q050=\":443\"; ma=2592000,h3-Q046=\":443\"; ma=2592000,h3-Q043=\":443\"; ma=2592000,quic=\":443\"; ma=2592000; v=\"46,43\"","accept-ranges":"none","transfer-encoding":"chunked"}
[debug] [2021-08-06T01:18:33.730Z] > refreshing access token with scopes: []
[debug] [2021-08-06T01:18:33.730Z] >>> HTTP REQUEST POST https://www.googleapis.com/oauth2/v3/token  
 <request body omitted>
[debug] [2021-08-06T01:18:33.843Z] <<< HTTP RESPONSE 200 {"pragma":"no-cache","cache-control":"no-cache, no-store, max-age=0, must-revalidate","date":"Fri, 06 Aug 2021 01:18:32 GMT","expires":"Mon, 01 Jan 1990 00:00:00 GMT","content-type":"application/json; charset=utf-8","vary":"X-Origin, Referer, Origin,Accept-Encoding","server":"scaffolding on HTTPServer2","x-xss-protection":"0","x-frame-options":"SAMEORIGIN","x-content-type-options":"nosniff","alt-svc":"h3=\":443\"; ma=2592000,h3-29=\":443\"; ma=2592000,h3-T051=\":443\"; ma=2592000,h3-Q050=\":443\"; ma=2592000,h3-Q046=\":443\"; ma=2592000,h3-Q043=\":443\"; ma=2592000,quic=\":443\"; ma=2592000; v=\"46,43\"","accept-ranges":"none","transfer-encoding":"chunked"}
[debug] [2021-08-06T01:18:33.852Z] >>> [apiv2][query] GET https://firebase.googleapis.com/v1beta1/projects/criminalalertdb [none]
[debug] [2021-08-06T01:18:34.028Z] <<< [apiv2][status] GET https://firebase.googleapis.com/v1beta1/projects/criminalalertdb 200
[debug] [2021-08-06T01:18:34.028Z] <<< [apiv2][body] GET https://firebase.googleapis.com/v1beta1/projects/criminalalertdb {"projectId":"criminalalertdb","projectNumber":"477286683416","displayName":"criminalAlertDB","name":"projects/criminalalertdb","resources":{"hostingSite":"criminalalertdb","storageBucket":"criminalalertdb.appspot.com","locationId":"us-central"},"state":"ACTIVE"}
[warn] !  functions: package.json indicates an outdated version of firebase-functions.
Please upgrade using npm install --save firebase-functions@latest in your functions directory. 
[info] 
[info] === Deploying to 'criminalalertdb'...
[info] 
[info] i  deploying functions, hosting 
[info] Running command: npm --prefix "$RESOURCE_DIR" run lint
[info] +  functions: Finished running predeploy script. 
[info] i  functions: ensuring required API cloudfunctions.googleapis.com is enabled... 
[debug] [2021-08-06T01:18:39.880Z] > refreshing access token with scopes: ["email","https://www.googleapis.com/auth/cloud-platform","https://www.googleapis.com/auth/cloudplatformprojects.readonly","https://www.googleapis.com/auth/firebase","openid"]
[debug] [2021-08-06T01:18:39.880Z] >>> HTTP REQUEST POST https://www.googleapis.com/oauth2/v3/token  
 <request body omitted>
[debug] [2021-08-06T01:18:39.881Z] > refreshing access token with scopes: ["email","https://www.googleapis.com/auth/cloud-platform","https://www.googleapis.com/auth/cloudplatformprojects.readonly","https://www.googleapis.com/auth/firebase","openid"]
[debug] [2021-08-06T01:18:39.881Z] >>> HTTP REQUEST POST https://www.googleapis.com/oauth2/v3/token  
 <request body omitted>
[info] i  functions: ensuring required API cloudbuild.googleapis.com is enabled... 
[debug] [2021-08-06T01:18:39.881Z] > refreshing access token with scopes: ["email","https://www.googleapis.com/auth/cloud-platform","https://www.googleapis.com/auth/cloudplatformprojects.readonly","https://www.googleapis.com/auth/firebase","openid"]
[debug] [2021-08-06T01:18:39.882Z] >>> HTTP REQUEST POST https://www.googleapis.com/oauth2/v3/token  
 <request body omitted>
[debug] [2021-08-06T01:18:40.014Z] <<< HTTP RESPONSE 200 {"expires":"Mon, 01 Jan 1990 00:00:00 GMT","pragma":"no-cache","cache-control":"no-cache, no-store, max-age=0, must-revalidate","date":"Fri, 06 Aug 2021 01:18:38 GMT","content-type":"application/json; charset=utf-8","vary":"X-Origin, Referer, Origin,Accept-Encoding","server":"scaffolding on HTTPServer2","x-xss-protection":"0","x-frame-options":"SAMEORIGIN","x-content-type-options":"nosniff","alt-svc":"h3=\":443\"; ma=2592000,h3-29=\":443\"; ma=2592000,h3-T051=\":443\"; ma=2592000,h3-Q050=\":443\"; ma=2592000,h3-Q046=\":443\"; ma=2592000,h3-Q043=\":443\"; ma=2592000,quic=\":443\"; ma=2592000; v=\"46,43\"","accept-ranges":"none","transfer-encoding":"chunked"}
[debug] [2021-08-06T01:18:40.021Z] >>> HTTP REQUEST GET https://serviceusage.googleapis.com/v1/projects/criminalalertdb/services/cloudbuild.googleapis.com  
 
[debug] [2021-08-06T01:18:40.026Z] <<< HTTP RESPONSE 200 {"expires":"Mon, 01 Jan 1990 00:00:00 GMT","pragma":"no-cache","cache-control":"no-cache, no-store, max-age=0, must-revalidate","date":"Fri, 06 Aug 2021 01:18:38 GMT","content-type":"application/json; charset=utf-8","vary":"X-Origin, Referer, Origin,Accept-Encoding","server":"scaffolding on HTTPServer2","x-xss-protection":"0","x-frame-options":"SAMEORIGIN","x-content-type-options":"nosniff","alt-svc":"h3=\":443\"; ma=2592000,h3-29=\":443\"; ma=2592000,h3-T051=\":443\"; ma=2592000,h3-Q050=\":443\"; ma=2592000,h3-Q046=\":443\"; ma=2592000,h3-Q043=\":443\"; ma=2592000,quic=\":443\"; ma=2592000; v=\"46,43\"","accept-ranges":"none","transfer-encoding":"chunked"}
[debug] [2021-08-06T01:18:40.032Z] >>> HTTP REQUEST GET https://serviceusage.googleapis.com/v1/projects/criminalalertdb/services/runtimeconfig.googleapis.com  
 
[debug] [2021-08-06T01:18:40.034Z] <<< HTTP RESPONSE 200 {"pragma":"no-cache","expires":"Mon, 01 Jan 1990 00:00:00 GMT","cache-control":"no-cache, no-store, max-age=0, must-revalidate","date":"Fri, 06 Aug 2021 01:18:38 GMT","content-type":"application/json; charset=utf-8","vary":"X-Origin, Referer, Origin,Accept-Encoding","server":"scaffolding on HTTPServer2","x-xss-protection":"0","x-frame-options":"SAMEORIGIN","x-content-type-options":"nosniff","alt-svc":"h3=\":443\"; ma=2592000,h3-29=\":443\"; ma=2592000,h3-T051=\":443\"; ma=2592000,h3-Q050=\":443\"; ma=2592000,h3-Q046=\":443\"; ma=2592000,h3-Q043=\":443\"; ma=2592000,quic=\":443\"; ma=2592000; v=\"46,43\"","accept-ranges":"none","transfer-encoding":"chunked"}
[debug] [2021-08-06T01:18:40.041Z] >>> HTTP REQUEST GET https://serviceusage.googleapis.com/v1/projects/criminalalertdb/services/cloudfunctions.googleapis.com  
 
[debug] [2021-08-06T01:18:40.440Z] <<< HTTP RESPONSE 200 {"content-type":"application/json; charset=UTF-8","vary":"X-Origin, Referer, Origin,Accept-Encoding","date":"Fri, 06 Aug 2021 01:18:38 GMT","server":"ESF","cache-control":"private","x-xss-protection":"0","x-frame-options":"SAMEORIGIN","x-content-type-options":"nosniff","alt-svc":"h3=\":443\"; ma=2592000,h3-29=\":443\"; ma=2592000,h3-T051=\":443\"; ma=2592000,h3-Q050=\":443\"; ma=2592000,h3-Q046=\":443\"; ma=2592000,h3-Q043=\":443\"; ma=2592000,quic=\":443\"; ma=2592000; v=\"46,43\"","accept-ranges":"none","transfer-encoding":"chunked"}
[debug] [2021-08-06T01:18:40.461Z] <<< HTTP RESPONSE 200 {"content-type":"application/json; charset=UTF-8","vary":"X-Origin, Referer, Origin,Accept-Encoding","date":"Fri, 06 Aug 2021 01:18:38 GMT","server":"ESF","cache-control":"private","x-xss-protection":"0","x-frame-options":"SAMEORIGIN","x-content-type-options":"nosniff","alt-svc":"h3=\":443\"; ma=2592000,h3-29=\":443\"; ma=2592000,h3-T051=\":443\"; ma=2592000,h3-Q050=\":443\"; ma=2592000,h3-Q046=\":443\"; ma=2592000,h3-Q043=\":443\"; ma=2592000,quic=\":443\"; ma=2592000; v=\"46,43\"","accept-ranges":"none","transfer-encoding":"chunked"}
[info] +  functions: required API cloudbuild.googleapis.com is enabled 
[debug] [2021-08-06T01:18:40.479Z] <<< HTTP RESPONSE 200 {"content-type":"application/json; charset=UTF-8","vary":"X-Origin, Referer, Origin,Accept-Encoding","date":"Fri, 06 Aug 2021 01:18:38 GMT","server":"ESF","cache-control":"private","x-xss-protection":"0","x-frame-options":"SAMEORIGIN","x-content-type-options":"nosniff","alt-svc":"h3=\":443\"; ma=2592000,h3-29=\":443\"; ma=2592000,h3-T051=\":443\"; ma=2592000,h3-Q050=\":443\"; ma=2592000,h3-Q046=\":443\"; ma=2592000,h3-Q043=\":443\"; ma=2592000,quic=\":443\"; ma=2592000; v=\"46,43\"","accept-ranges":"none","transfer-encoding":"chunked"}
[info] +  functions: required API cloudfunctions.googleapis.com is enabled 
[debug] [2021-08-06T01:18:40.480Z] >>> HTTP REQUEST GET https://firebase.googleapis.com/v1beta1/projects/criminalalertdb/adminSdkConfig  
 
[debug] [2021-08-06T01:18:40.716Z] <<< HTTP RESPONSE 200 {"content-type":"application/json; charset=UTF-8","vary":"X-Origin, Referer, Origin,Accept-Encoding","date":"Fri, 06 Aug 2021 01:18:39 GMT","server":"ESF","cache-control":"private","x-xss-protection":"0","x-frame-options":"SAMEORIGIN","x-content-type-options":"nosniff","alt-svc":"h3=\":443\"; ma=2592000,h3-29=\":443\"; ma=2592000,h3-T051=\":443\"; ma=2592000,h3-Q050=\":443\"; ma=2592000,h3-Q046=\":443\"; ma=2592000,h3-Q043=\":443\"; ma=2592000,quic=\":443\"; ma=2592000; v=\"46,43\"","accept-ranges":"none","transfer-encoding":"chunked"}
[info] i  functions: preparing functions directory for uploading... 
[debug] [2021-08-06T01:18:40.717Z] >>> HTTP REQUEST GET https://runtimeconfig.googleapis.com/v1beta1/projects/criminalalertdb/configs  
 
[debug] [2021-08-06T01:18:41.102Z] <<< HTTP RESPONSE 200 {"content-type":"application/json; charset=UTF-8","vary":"X-Origin, Referer, Origin,Accept-Encoding","date":"Fri, 06 Aug 2021 01:18:39 GMT","server":"ESF","cache-control":"private","x-xss-protection":"0","x-frame-options":"SAMEORIGIN","x-content-type-options":"nosniff","alt-svc":"h3=\":443\"; ma=2592000,h3-29=\":443\"; ma=2592000,h3-T051=\":443\"; ma=2592000,h3-Q050=\":443\"; ma=2592000,h3-Q046=\":443\"; ma=2592000,h3-Q043=\":443\"; ma=2592000,quic=\":443\"; ma=2592000; v=\"46,43\"","accept-ranges":"none","transfer-encoding":"chunked"}
[info] i  functions: packaged functions (35.6 KB) for uploading 
[debug] [2021-08-06T01:18:41.552Z] > [functions] package.json contents: {
  "name": "functions",
  "description": "Cloud Functions for Firebase",
  "scripts": {
    "lint": "eslint",
    "serve": "firebase emulators:start --only functions",
    "shell": "firebase functions:shell",
    "start": "npm run shell",
    "deploy": "firebase deploy --only functions",
    "logs": "firebase functions:log"
  },
  "engines": {
    "node": "12"
  },
  "main": "index.js",
  "dependencies": {
    "axios": "^0.21.1",
    "cors": "^2.8.5",
    "firebase-admin": "^9.2.0",
    "firebase-functions": "^3.11.0"
  },
  "devDependencies": {
    "eslint": "^7.6.0",
    "eslint-config-google": "^0.14.0",
    "firebase-functions-test": "^0.2.0"
  },
  "private": true
}
[debug] [2021-08-06T01:18:41.553Z] >>> HTTP REQUEST GET https://cloudfunctions.googleapis.com/v1/projects/criminalalertdb/locations/-/functions  
 
[debug] [2021-08-06T01:18:42.085Z] <<< HTTP RESPONSE 200 {"content-type":"application/json; charset=UTF-8","vary":"X-Origin, Referer, Origin,Accept-Encoding","date":"Fri, 06 Aug 2021 01:18:40 GMT","server":"ESF","cache-control":"private","x-xss-protection":"0","x-frame-options":"SAMEORIGIN","x-content-type-options":"nosniff","alt-svc":"h3=\":443\"; ma=2592000,h3-29=\":443\"; ma=2592000,h3-T051=\":443\"; ma=2592000,h3-Q050=\":443\"; ma=2592000,h3-Q046=\":443\"; ma=2592000,h3-Q043=\":443\"; ma=2592000,quic=\":443\"; ma=2592000; v=\"46,43\"","accept-ranges":"none","transfer-encoding":"chunked"}
[debug] [2021-08-06T01:18:42.088Z] >>> HTTP REQUEST POST https://firebasehosting.googleapis.com/v1beta1/sites/criminalalertdb/versions  
 {"config":{"rewrites":[{"glob":"**","path":"/index.html"}]},"labels":{"deployment-tool":"cli-firebase"}}
[debug] [2021-08-06T01:18:42.704Z] <<< HTTP RESPONSE 200 {"content-type":"application/json; charset=UTF-8","vary":"X-Origin, Referer, Origin,Accept-Encoding","date":"Fri, 06 Aug 2021 01:18:41 GMT","server":"ESF","cache-control":"private","x-xss-protection":"0","x-frame-options":"SAMEORIGIN","x-content-type-options":"nosniff","alt-svc":"h3=\":443\"; ma=2592000,h3-29=\":443\"; ma=2592000,h3-T051=\":443\"; ma=2592000,h3-Q050=\":443\"; ma=2592000,h3-Q046=\":443\"; ma=2592000,h3-Q043=\":443\"; ma=2592000,quic=\":443\"; ma=2592000; v=\"46,43\"","accept-ranges":"none","transfer-encoding":"chunked"}
[debug] [2021-08-06T01:18:42.706Z] >>> HTTP REQUEST POST https://cloudfunctions.googleapis.com/v1/projects/criminalalertdb/locations/us-central1/functions:generateUploadUrl  
 
[debug] [2021-08-06T01:18:43.323Z] <<< HTTP RESPONSE 200 {"content-type":"application/json; charset=UTF-8","vary":"X-Origin, Referer, Origin,Accept-Encoding","date":"Fri, 06 Aug 2021 01:18:41 GMT","server":"ESF","cache-control":"private","x-xss-protection":"0","x-frame-options":"SAMEORIGIN","x-content-type-options":"nosniff","alt-svc":"h3=\":443\"; ma=2592000,h3-29=\":443\"; ma=2592000,h3-T051=\":443\"; ma=2592000,h3-Q050=\":443\"; ma=2592000,h3-Q046=\":443\"; ma=2592000,h3-Q043=\":443\"; ma=2592000,quic=\":443\"; ma=2592000; v=\"46,43\"","accept-ranges":"none","transfer-encoding":"chunked"}
[debug] [2021-08-06T01:18:43.324Z] >>> HTTP REQUEST PUT https://storage.googleapis.com/gcf-upload-us-central1-d163eaf3-0747-4fb1-92e5-07e83a02797e/c7e8fdc6-f0e6-4d00-b278-024a8514180f.zip?GoogleAccessId=service-477286683416@gcf-admin-robot.iam.gserviceaccount.com&Expires=1628214521&Signature=eCPpcgf2Ep%2FhDbNyK%2FfVTkGpQq%2FDzDANowy91pNbOdxOUM%2FM%2FZj%2BwwBnY1sxNBEOF3MdWo6G4LIaJgPkFXLbFd3ULO%2F63dbvk9e0EPBkY6und0ap6fYwZPyaR50lxSpwQ0VcMSQO63GY0CoUd8C%2F86O%2FmA45DP2dEBkRHnhyjnQ31C4rVakNprod7zFDOmXYCtEfaKbd5s2J4Uyse9G9qWp2DQ3PPzeCvkfMadh4qD2JRwmp0q8OYQKnhGOeps2dEZlAbIbZtgmjsa10Vj5nuH%2FsbG5fim1MopyXa5E1uBN2Htdq0BkNj89RHNe4tqIGPxU7wmmDRLrcL2IRxnfEbw%3D%3D  
 <request body omitted>
[debug] [2021-08-06T01:18:43.526Z] <<< HTTP RESPONSE 200 {"x-guploader-uploadid":"ADPycdtvyFuQhLZ1Zr3_6ttcjfgNjL0Z_nYcSOr4S2f7JijsjKVkl1Bd8jm4C2GdddDeTV2PTViWT6r3NmwZUL8DZ5QdBYZFCg","etag":"\"b745362423439350d755d8d92d91eed5\"","x-goog-generation":"1628212721860762","x-goog-metageneration":"1","x-goog-hash":"crc32c=h/AUhw==, md5=t0U2JCNDk1DXVdjZLZHu1Q==","x-goog-stored-content-length":"36450","x-goog-stored-content-encoding":"identity","vary":"Origin","content-length":"0","date":"Fri, 06 Aug 2021 01:18:41 GMT","server":"UploadServer","content-type":"text/html; charset=UTF-8","alt-svc":"h3=\":443\"; ma=2592000,h3-29=\":443\"; ma=2592000,h3-T051=\":443\"; ma=2592000,h3-Q050=\":443\"; ma=2592000,h3-Q046=\":443\"; ma=2592000,h3-Q043=\":443\"; ma=2592000,quic=\":443\"; ma=2592000; v=\"46,43\""}
[info] +  functions: functions folder uploaded successfully 
[info] i  hosting[criminalalertdb]: beginning deploy... 
[info] i  hosting[criminalalertdb]: found 25 files in dist 
[debug] [2021-08-06T01:18:43.545Z] > refreshing access token with scopes: []
[debug] [2021-08-06T01:18:43.545Z] >>> HTTP REQUEST POST https://www.googleapis.com/oauth2/v3/token  
 <request body omitted>
[debug] [2021-08-06T01:18:43.547Z] [hosting] hash cache [ZGlzdA] stored for 25 files
[debug] [2021-08-06T01:18:43.547Z] [hosting][hash queue][FINAL] {"max":3,"min":1,"avg":1,"active":0,"complete":25,"success":25,"errored":0,"retried":0,"total":25,"elapsed":6}
[debug] [2021-08-06T01:18:43.676Z] <<< HTTP RESPONSE 200 {"cache-control":"no-cache, no-store, max-age=0, must-revalidate","date":"Fri, 06 Aug 2021 01:18:42 GMT","pragma":"no-cache","expires":"Mon, 01 Jan 1990 00:00:00 GMT","content-type":"application/json; charset=utf-8","vary":"X-Origin, Referer, Origin,Accept-Encoding","server":"scaffolding on HTTPServer2","x-xss-protection":"0","x-frame-options":"SAMEORIGIN","x-content-type-options":"nosniff","alt-svc":"h3=\":443\"; ma=2592000,h3-29=\":443\"; ma=2592000,h3-T051=\":443\"; ma=2592000,h3-Q050=\":443\"; ma=2592000,h3-Q046=\":443\"; ma=2592000,h3-Q043=\":443\"; ma=2592000,quic=\":443\"; ma=2592000; v=\"46,43\"","accept-ranges":"none","transfer-encoding":"chunked"}
[debug] [2021-08-06T01:18:43.684Z] >>> [apiv2][query] POST https://firebasehosting.googleapis.com/v1beta1/sites/criminalalertdb/versions/38ca95c5e84217f9:populateFiles [none]
[debug] [2021-08-06T01:18:43.685Z] >>> [apiv2][body] POST https://firebasehosting.googleapis.com/v1beta1/sites/criminalalertdb/versions/38ca95c5e84217f9:populateFiles {"files":{"/404.html":"daa499dd96d8229e73235345702ba32f0793f0c8e5c0d30e40e37a5872be57aa","/favicon.ico":"d5451f0f0f0bcbcd433bbdf4f6e7e5d89d8ecce2650649e969ccb5e5cd499ab2","/index.html":"14915f3ca8953e97d2585e57b4306b4fb14731ac7604379e4a5f8c3bdaeb6830","/css/app.155dd624.css":"32edef6320c1d6e5862aff5e58aa305977e9cb9cde3eda61067950c381ca185f","/css/chunk-2a6f254c.1def89eb.css":"11fe0f0a11cc7d291b0ff0c67b19c71fa994e4715cc70fed06c6d78381e7f645","/css/chunk-2b2f0aac.17a8d503.css":"1e2cf80caa3016b0fb437441ff3b49a7d5ce20afb24fca44f5d994b70a43a93a","/css/chunk-2c820d6a.119916c3.css":"2bc03eb22024dc45228be1c46fce9efd797cef4012bcd5cfc3bfbf59cc18813a","/css/chunk-5025e092.191ef3ec.css":"9ec9b3a70d4fd74b4872ea9c84de292942c560d7b153eed8e8ab318834542518","/css/chunk-9db1b874.bf42ea73.css":"181d76a197e5088205d09a9313782e8a20c0236f41b291f3d8e9b450ceaab242","/css/chunk-vendors.726c8ea5.css":"4652ab768179cedd67b84a9c5698082d80029778f7b474be24ea3b9f40f0922a","/img/criIcon.3f35fd08.png":"2ebd39c2abf1466fd286a198f21aadfe98c188cec7728a98e9f6e67ac1edc387","/js/app.c52584ab.js":"e26537a6101e905b11af929cfac378ec8f7eadc3ded0e988775910cdd46fadab","/js/app.c52584ab.js.map":"0c13dca262480d6a4b17ac08c1af0f9f83c232aab3ff158fda4e43e6e241912f","/js/chunk-2a6f254c.6be3ee36.js":"8a7a47d180f80f981d8e82ce67189979660fcec15da622c43b07163bba3975d8","/js/chunk-2a6f254c.6be3ee36.js.map":"068a458ed567c6ad03ffd5661b6c27929d87245b6b5bd9d933d6464ea6a2718e","/js/chunk-2b2f0aac.07d4035e.js":"1a27b3d428d2ab75741d6ba9e2a19d9e1bf19b37b402775ca138f87d2dc8e1ea","/js/chunk-2b2f0aac.07d4035e.js.map":"5a539b41a28e2e82657c23002348f7b0ee8bc51f194ab52a50480f17ad25e87d","/js/chunk-2c820d6a.2dcc5c1f.js":"5d52c59d1426d2a0e07a8ca0208167ce76e9d27a62bfeb372ae96c317edbd37a","/js/chunk-2c820d6a.2dcc5c1f.js.map":"60512b0b8c674f763234b084444b3d2b5762cfd3cb8ac8df5fbc2c375dbd1ad9","/js/chunk-5025e092.8f3f4db5.js":"cbe6decddddd0336685a71a0bd8cde3f7d5ce3ea96aebbde2ba17af452a59f64","/js/chunk-5025e092.8f3f4db5.js.map":"358832a6d02fb9d59102373d09375d00a7ea7cef4dd63f2afdb448b0318b6455","/js/chunk-9db1b874.8f59e215.js":"8c67c8ce0a2c14fab930dfae36c67858906cfe1c19e313dcea1b339ab0474cd7","/js/chunk-9db1b874.8f59e215.js.map":"0135e03e30f97bcc73b3c42128e1b8f15dd14d78b3f300a881b6fca4886884c0","/js/chunk-vendors.f1ad47c0.js":"1eb1ea94533b344013249cb38c0c84665d416cb48a09207719623abe20c67de2","/js/chunk-vendors.f1ad47c0.js.map":"1d6fe7a38712fbd7d59dec824d66096d3e8919aba0a4d2232d4a77d510bcf5b1"}}
[debug] [2021-08-06T01:18:44.299Z] <<< [apiv2][status] POST https://firebasehosting.googleapis.com/v1beta1/sites/criminalalertdb/versions/38ca95c5e84217f9:populateFiles 200
[debug] [2021-08-06T01:18:44.299Z] <<< [apiv2][body] POST https://firebasehosting.googleapis.com/v1beta1/sites/criminalalertdb/versions/38ca95c5e84217f9:populateFiles {"uploadUrl":"https://upload-firebasehosting.googleapis.com/upload/sites/criminalalertdb/versions/38ca95c5e84217f9/files"}
[debug] [2021-08-06T01:18:44.300Z] [hosting][populate queue][FINAL] {"max":755,"min":755,"avg":755,"active":0,"complete":1,"success":1,"errored":0,"retried":0,"total":1,"elapsed":755}
[debug] [2021-08-06T01:18:44.301Z] [hosting] uploads queued: 0
[debug] [2021-08-06T01:18:44.301Z] [hosting][upload queue][FINAL] {"max":0,"min":9999999999,"avg":0,"active":0,"complete":0,"success":0,"errored":0,"retried":0,"total":0,"elapsed":1628212724301}
[info] +  hosting[criminalalertdb]: file upload complete 
[debug] [2021-08-06T01:18:44.301Z] [hosting] deploy completed after 773ms
[info] i  functions: updating Node.js 12 function criminalGetLocation(us-central1)... 
[debug] [2021-08-06T01:18:44.391Z] > refreshing access token with scopes: ["email","https://www.googleapis.com/auth/cloud-platform","https://www.googleapis.com/auth/cloudplatformprojects.readonly","https://www.googleapis.com/auth/firebase","openid"]
[debug] [2021-08-06T01:18:44.392Z] >>> HTTP REQUEST POST https://www.googleapis.com/oauth2/v3/token  
 <request body omitted>
[debug] [2021-08-06T01:18:44.522Z] <<< HTTP RESPONSE 200 {"cache-control":"no-cache, no-store, max-age=0, must-revalidate","pragma":"no-cache","date":"Fri, 06 Aug 2021 01:18:42 GMT","expires":"Mon, 01 Jan 1990 00:00:00 GMT","content-type":"application/json; charset=utf-8","vary":"X-Origin, Referer, Origin,Accept-Encoding","server":"scaffolding on HTTPServer2","x-xss-protection":"0","x-frame-options":"SAMEORIGIN","x-content-type-options":"nosniff","alt-svc":"h3=\":443\"; ma=2592000,h3-29=\":443\"; ma=2592000,h3-T051=\":443\"; ma=2592000,h3-Q050=\":443\"; ma=2592000,h3-Q046=\":443\"; ma=2592000,h3-Q043=\":443\"; ma=2592000,quic=\":443\"; ma=2592000; v=\"46,43\"","accept-ranges":"none","transfer-encoding":"chunked"}
[debug] [2021-08-06T01:18:44.529Z] >>> HTTP REQUEST PATCH https://cloudfunctions.googleapis.com/v1/projects/criminalalertdb/locations/us-central1/functions/criminalGetLocation {"updateMask":"sourceUploadUrl,name,labels,runtime,environmentVariables,httpsTrigger"} 
 {"sourceUploadUrl":"https://storage.googleapis.com/gcf-upload-us-central1-d163eaf3-0747-4fb1-92e5-07e83a02797e/c7e8fdc6-f0e6-4d00-b278-024a8514180f.zip?GoogleAccessId=service-477286683416@gcf-admin-robot.iam.gserviceaccount.com&Expires=1628214521&Signature=eCPpcgf2Ep%2FhDbNyK%2FfVTkGpQq%2FDzDANowy91pNbOdxOUM%2FM%2FZj%2BwwBnY1sxNBEOF3MdWo6G4LIaJgPkFXLbFd3ULO%2F63dbvk9e0EPBkY6und0ap6fYwZPyaR50lxSpwQ0VcMSQO63GY0CoUd8C%2F86O%2FmA45DP2dEBkRHnhyjnQ31C4rVakNprod7zFDOmXYCtEfaKbd5s2J4Uyse9G9qWp2DQ3PPzeCvkfMadh4qD2JRwmp0q8OYQKnhGOeps2dEZlAbIbZtgmjsa10Vj5nuH%2FsbG5fim1MopyXa5E1uBN2Htdq0BkNj89RHNe4tqIGPxU7wmmDRLrcL2IRxnfEbw%3D%3D","name":"projects/criminalalertdb/locations/us-central1/functions/criminalGetLocation","labels":{"deployment-tool":"cli-firebase"},"httpsTrigger":{},"runtime":"nodejs12","environmentVariables":{"FIREBASE_CONFIG":"{\"projectId\":\"criminalalertdb\",\"storageBucket\":\"criminalalertdb.appspot.com\",\"locationId\":\"us-central\"}"}}
[debug] [2021-08-06T01:18:44.912Z] <<< HTTP RESPONSE 200 {"content-type":"application/json; charset=UTF-8","vary":"X-Origin, Referer, Origin,Accept-Encoding","date":"Fri, 06 Aug 2021 01:18:43 GMT","server":"ESF","cache-control":"private","x-xss-protection":"0","x-frame-options":"SAMEORIGIN","x-content-type-options":"nosniff","alt-svc":"h3=\":443\"; ma=2592000,h3-29=\":443\"; ma=2592000,h3-T051=\":443\"; ma=2592000,h3-Q050=\":443\"; ma=2592000,h3-Q046=\":443\"; ma=2592000,h3-Q043=\":443\"; ma=2592000,quic=\":443\"; ma=2592000; v=\"46,43\"","accept-ranges":"none","transfer-encoding":"chunked"}
[debug] [2021-08-06T01:18:44.913Z] > refreshing access token with scopes: []
[debug] [2021-08-06T01:18:44.913Z] >>> HTTP REQUEST POST https://www.googleapis.com/oauth2/v3/token  
 <request body omitted>
[debug] [2021-08-06T01:18:45.042Z] <<< HTTP RESPONSE 200 {"cache-control":"no-cache, no-store, max-age=0, must-revalidate","pragma":"no-cache","expires":"Mon, 01 Jan 1990 00:00:00 GMT","date":"Fri, 06 Aug 2021 01:18:43 GMT","content-type":"application/json; charset=utf-8","vary":"X-Origin, Referer, Origin,Accept-Encoding","server":"scaffolding on HTTPServer2","x-xss-protection":"0","x-frame-options":"SAMEORIGIN","x-content-type-options":"nosniff","alt-svc":"h3=\":443\"; ma=2592000,h3-29=\":443\"; ma=2592000,h3-T051=\":443\"; ma=2592000,h3-Q050=\":443\"; ma=2592000,h3-Q046=\":443\"; ma=2592000,h3-Q043=\":443\"; ma=2592000,quic=\":443\"; ma=2592000; v=\"46,43\"","accept-ranges":"none","transfer-encoding":"chunked"}
[debug] [2021-08-06T01:18:45.050Z] >>> [apiv2][query] GET https://cloudfunctions.googleapis.com/v1/operations/Y3JpbWluYWxhbGVydGRiL3VzLWNlbnRyYWwxL2NyaW1pbmFsR2V0TG9jYXRpb24vQVJNc194dkgyVE0 [none]
[debug] [2021-08-06T01:18:45.290Z] <<< [apiv2][status] GET https://cloudfunctions.googleapis.com/v1/operations/Y3JpbWluYWxhbGVydGRiL3VzLWNlbnRyYWwxL2NyaW1pbmFsR2V0TG9jYXRpb24vQVJNc194dkgyVE0 200
[debug] [2021-08-06T01:18:45.290Z] <<< [apiv2][body] GET https://cloudfunctions.googleapis.com/v1/operations/Y3JpbWluYWxhbGVydGRiL3VzLWNlbnRyYWwxL2NyaW1pbmFsR2V0TG9jYXRpb24vQVJNc194dkgyVE0 {"name":"operations/Y3JpbWluYWxhbGVydGRiL3VzLWNlbnRyYWwxL2NyaW1pbmFsR2V0TG9jYXRpb24vQVJNc194dkgyVE0","metadata":{"@type":"type.googleapis.com/google.cloud.functions.v1.OperationMetadataV1","target":"projects/criminalalertdb/locations/us-central1/functions/criminalGetLocation","type":"UPDATE_FUNCTION","request":{"@type":"type.googleapis.com/google.cloud.functions.v1.CloudFunction","name":"projects/criminalalertdb/locations/us-central1/functions/criminalGetLocation","httpsTrigger":{},"status":"ACTIVE","entryPoint":"criminalGetLocation","timeout":"60s","availableMemoryMb":256,"serviceAccountEmail":"criminalalertdb@appspot.gserviceaccount.com","updateTime":"2021-07-28T02:55:30.448Z","versionId":"101","labels":{"deployment-tool":"cli-firebase"},"sourceUploadUrl":"https://storage.googleapis.com/gcf-upload-us-central1-d163eaf3-0747-4fb1-92e5-07e83a02797e/c7e8fdc6-f0e6-4d00-b278-024a8514180f.zip?GoogleAccessId=service-477286683416@gcf-admin-robot.iam.gserviceaccount.com&Expires=1628214521&Signature=eCPpcgf2Ep%2FhDbNyK%2FfVTkGpQq%2FDzDANowy91pNbOdxOUM%2FM%2FZj%2BwwBnY1sxNBEOF3MdWo6G4LIaJgPkFXLbFd3ULO%2F63dbvk9e0EPBkY6und0ap6fYwZPyaR50lxSpwQ0VcMSQO63GY0CoUd8C%2F86O%2FmA45DP2dEBkRHnhyjnQ31C4rVakNprod7zFDOmXYCtEfaKbd5s2J4Uyse9G9qWp2DQ3PPzeCvkfMadh4qD2JRwmp0q8OYQKnhGOeps2dEZlAbIbZtgmjsa10Vj5nuH%2FsbG5fim1MopyXa5E1uBN2Htdq0BkNj89RHNe4tqIGPxU7wmmDRLrcL2IRxnfEbw%3D%3D","environmentVariables":{"FIREBASE_CONFIG":"{\"projectId\":\"criminalalertdb\",\"storageBucket\":\"criminalalertdb.appspot.com\",\"locationId\":\"us-central\"}"},"runtime":"nodejs12","ingressSettings":"ALLOW_ALL","buildId":"109e1ce4-6ba2-4714-b928-ecd00b0d313c"},"versionId":"105","updateTime":"2021-08-06T01:18:43Z","buildName":"projects/477286683416/locations/us-central1/builds/109e1ce4-6ba2-4714-b928-ecd00b0d313c"},"done":true,"error":{"code":9,"message":"Cloud storage operation for gcf-sources-477286683416-us-central1 failed as the billing account is not available"}}
[debug] [2021-08-06T01:18:45.292Z] Got sourceToken undefined for region us-central1
[info] i  functions: updating Node.js 12 function userInformartionTest(us-central1)... 
[debug] [2021-08-06T01:18:45.293Z] > refreshing access token with scopes: ["email","https://www.googleapis.com/auth/cloud-platform","https://www.googleapis.com/auth/cloudplatformprojects.readonly","https://www.googleapis.com/auth/firebase","openid"]
[debug] [2021-08-06T01:18:45.293Z] >>> HTTP REQUEST POST https://www.googleapis.com/oauth2/v3/token  
 <request body omitted>
[info] i  functions: updating Node.js 12 function criminalFormData(us-central1)... 
[debug] [2021-08-06T01:18:45.294Z] > refreshing access token with scopes: ["email","https://www.googleapis.com/auth/cloud-platform","https://www.googleapis.com/auth/cloudplatformprojects.readonly","https://www.googleapis.com/auth/firebase","openid"]
[debug] [2021-08-06T01:18:45.294Z] >>> HTTP REQUEST POST https://www.googleapis.com/oauth2/v3/token  
 <request body omitted>
[info] i  functions: updating Node.js 12 function criminalMapInfo(us-central1)... 
[debug] [2021-08-06T01:18:45.295Z] > refreshing access token with scopes: ["email","https://www.googleapis.com/auth/cloud-platform","https://www.googleapis.com/auth/cloudplatformprojects.readonly","https://www.googleapis.com/auth/firebase","openid"]
[debug] [2021-08-06T01:18:45.295Z] >>> HTTP REQUEST POST https://www.googleapis.com/oauth2/v3/token  
 <request body omitted>
[info] i  functions: updating Node.js 12 function userCriminalInfo(us-central1)... 
[debug] [2021-08-06T01:18:45.296Z] > refreshing access token with scopes: ["email","https://www.googleapis.com/auth/cloud-platform","https://www.googleapis.com/auth/cloudplatformprojects.readonly","https://www.googleapis.com/auth/firebase","openid"]
[debug] [2021-08-06T01:18:45.296Z] >>> HTTP REQUEST POST https://www.googleapis.com/oauth2/v3/token  
 <request body omitted>
[debug] [2021-08-06T01:18:45.434Z] <<< HTTP RESPONSE 200 {"expires":"Mon, 01 Jan 1990 00:00:00 GMT","cache-control":"no-cache, no-store, max-age=0, must-revalidate","date":"Fri, 06 Aug 2021 01:18:43 GMT","pragma":"no-cache","content-type":"application/json; charset=utf-8","vary":"X-Origin, Referer, Origin,Accept-Encoding","server":"scaffolding on HTTPServer2","x-xss-protection":"0","x-frame-options":"SAMEORIGIN","x-content-type-options":"nosniff","alt-svc":"h3=\":443\"; ma=2592000,h3-29=\":443\"; ma=2592000,h3-T051=\":443\"; ma=2592000,h3-Q050=\":443\"; ma=2592000,h3-Q046=\":443\"; ma=2592000,h3-Q043=\":443\"; ma=2592000,quic=\":443\"; ma=2592000; v=\"46,43\"","accept-ranges":"none","transfer-encoding":"chunked"}
[debug] [2021-08-06T01:18:45.443Z] >>> HTTP REQUEST PATCH https://cloudfunctions.googleapis.com/v1/projects/criminalalertdb/locations/us-central1/functions/userCriminalInfo {"updateMask":"sourceUploadUrl,name,labels,runtime,environmentVariables,httpsTrigger"} 
 {"sourceUploadUrl":"https://storage.googleapis.com/gcf-upload-us-central1-d163eaf3-0747-4fb1-92e5-07e83a02797e/c7e8fdc6-f0e6-4d00-b278-024a8514180f.zip?GoogleAccessId=service-477286683416@gcf-admin-robot.iam.gserviceaccount.com&Expires=1628214521&Signature=eCPpcgf2Ep%2FhDbNyK%2FfVTkGpQq%2FDzDANowy91pNbOdxOUM%2FM%2FZj%2BwwBnY1sxNBEOF3MdWo6G4LIaJgPkFXLbFd3ULO%2F63dbvk9e0EPBkY6und0ap6fYwZPyaR50lxSpwQ0VcMSQO63GY0CoUd8C%2F86O%2FmA45DP2dEBkRHnhyjnQ31C4rVakNprod7zFDOmXYCtEfaKbd5s2J4Uyse9G9qWp2DQ3PPzeCvkfMadh4qD2JRwmp0q8OYQKnhGOeps2dEZlAbIbZtgmjsa10Vj5nuH%2FsbG5fim1MopyXa5E1uBN2Htdq0BkNj89RHNe4tqIGPxU7wmmDRLrcL2IRxnfEbw%3D%3D","name":"projects/criminalalertdb/locations/us-central1/functions/userCriminalInfo","labels":{"deployment-tool":"cli-firebase"},"httpsTrigger":{},"runtime":"nodejs12","environmentVariables":{"FIREBASE_CONFIG":"{\"projectId\":\"criminalalertdb\",\"storageBucket\":\"criminalalertdb.appspot.com\",\"locationId\":\"us-central\"}"}}
[debug] [2021-08-06T01:18:45.446Z] <<< HTTP RESPONSE 200 {"pragma":"no-cache","expires":"Mon, 01 Jan 1990 00:00:00 GMT","date":"Fri, 06 Aug 2021 01:18:43 GMT","cache-control":"no-cache, no-store, max-age=0, must-revalidate","content-type":"application/json; charset=utf-8","vary":"X-Origin, Referer, Origin,Accept-Encoding","server":"scaffolding on HTTPServer2","x-xss-protection":"0","x-frame-options":"SAMEORIGIN","x-content-type-options":"nosniff","alt-svc":"h3=\":443\"; ma=2592000,h3-29=\":443\"; ma=2592000,h3-T051=\":443\"; ma=2592000,h3-Q050=\":443\"; ma=2592000,h3-Q046=\":443\"; ma=2592000,h3-Q043=\":443\"; ma=2592000,quic=\":443\"; ma=2592000; v=\"46,43\"","accept-ranges":"none","transfer-encoding":"chunked"}
[debug] [2021-08-06T01:18:45.452Z] >>> HTTP REQUEST PATCH https://cloudfunctions.googleapis.com/v1/projects/criminalalertdb/locations/us-central1/functions/userInformartionTest {"updateMask":"sourceUploadUrl,name,labels,runtime,environmentVariables,httpsTrigger"} 
 {"sourceUploadUrl":"https://storage.googleapis.com/gcf-upload-us-central1-d163eaf3-0747-4fb1-92e5-07e83a02797e/c7e8fdc6-f0e6-4d00-b278-024a8514180f.zip?GoogleAccessId=service-477286683416@gcf-admin-robot.iam.gserviceaccount.com&Expires=1628214521&Signature=eCPpcgf2Ep%2FhDbNyK%2FfVTkGpQq%2FDzDANowy91pNbOdxOUM%2FM%2FZj%2BwwBnY1sxNBEOF3MdWo6G4LIaJgPkFXLbFd3ULO%2F63dbvk9e0EPBkY6und0ap6fYwZPyaR50lxSpwQ0VcMSQO63GY0CoUd8C%2F86O%2FmA45DP2dEBkRHnhyjnQ31C4rVakNprod7zFDOmXYCtEfaKbd5s2J4Uyse9G9qWp2DQ3PPzeCvkfMadh4qD2JRwmp0q8OYQKnhGOeps2dEZlAbIbZtgmjsa10Vj5nuH%2FsbG5fim1MopyXa5E1uBN2Htdq0BkNj89RHNe4tqIGPxU7wmmDRLrcL2IRxnfEbw%3D%3D","name":"projects/criminalalertdb/locations/us-central1/functions/userInformartionTest","labels":{"deployment-tool":"cli-firebase"},"httpsTrigger":{},"runtime":"nodejs12","environmentVariables":{"FIREBASE_CONFIG":"{\"projectId\":\"criminalalertdb\",\"storageBucket\":\"criminalalertdb.appspot.com\",\"locationId\":\"us-central\"}"}}
[debug] [2021-08-06T01:18:45.453Z] <<< HTTP RESPONSE 200 {"date":"Fri, 06 Aug 2021 01:18:43 GMT","cache-control":"no-cache, no-store, max-age=0, must-revalidate","pragma":"no-cache","expires":"Mon, 01 Jan 1990 00:00:00 GMT","content-type":"application/json; charset=utf-8","vary":"X-Origin, Referer, Origin,Accept-Encoding","server":"scaffolding on HTTPServer2","x-xss-protection":"0","x-frame-options":"SAMEORIGIN","x-content-type-options":"nosniff","alt-svc":"h3=\":443\"; ma=2592000,h3-29=\":443\"; ma=2592000,h3-T051=\":443\"; ma=2592000,h3-Q050=\":443\"; ma=2592000,h3-Q046=\":443\"; ma=2592000,h3-Q043=\":443\"; ma=2592000,quic=\":443\"; ma=2592000; v=\"46,43\"","accept-ranges":"none","transfer-encoding":"chunked"}
[debug] [2021-08-06T01:18:45.459Z] >>> HTTP REQUEST PATCH https://cloudfunctions.googleapis.com/v1/projects/criminalalertdb/locations/us-central1/functions/criminalFormData {"updateMask":"sourceUploadUrl,name,labels,runtime,environmentVariables,httpsTrigger"} 
 {"sourceUploadUrl":"https://storage.googleapis.com/gcf-upload-us-central1-d163eaf3-0747-4fb1-92e5-07e83a02797e/c7e8fdc6-f0e6-4d00-b278-024a8514180f.zip?GoogleAccessId=service-477286683416@gcf-admin-robot.iam.gserviceaccount.com&Expires=1628214521&Signature=eCPpcgf2Ep%2FhDbNyK%2FfVTkGpQq%2FDzDANowy91pNbOdxOUM%2FM%2FZj%2BwwBnY1sxNBEOF3MdWo6G4LIaJgPkFXLbFd3ULO%2F63dbvk9e0EPBkY6und0ap6fYwZPyaR50lxSpwQ0VcMSQO63GY0CoUd8C%2F86O%2FmA45DP2dEBkRHnhyjnQ31C4rVakNprod7zFDOmXYCtEfaKbd5s2J4Uyse9G9qWp2DQ3PPzeCvkfMadh4qD2JRwmp0q8OYQKnhGOeps2dEZlAbIbZtgmjsa10Vj5nuH%2FsbG5fim1MopyXa5E1uBN2Htdq0BkNj89RHNe4tqIGPxU7wmmDRLrcL2IRxnfEbw%3D%3D","name":"projects/criminalalertdb/locations/us-central1/functions/criminalFormData","labels":{"deployment-tool":"cli-firebase"},"httpsTrigger":{},"runtime":"nodejs12","environmentVariables":{"FIREBASE_CONFIG":"{\"projectId\":\"criminalalertdb\",\"storageBucket\":\"criminalalertdb.appspot.com\",\"locationId\":\"us-central\"}"}}
[debug] [2021-08-06T01:18:45.463Z] <<< HTTP RESPONSE 200 {"date":"Fri, 06 Aug 2021 01:18:43 GMT","expires":"Mon, 01 Jan 1990 00:00:00 GMT","cache-control":"no-cache, no-store, max-age=0, must-revalidate","pragma":"no-cache","content-type":"application/json; charset=utf-8","vary":"X-Origin, Referer, Origin,Accept-Encoding","server":"scaffolding on HTTPServer2","x-xss-protection":"0","x-frame-options":"SAMEORIGIN","x-content-type-options":"nosniff","alt-svc":"h3=\":443\"; ma=2592000,h3-29=\":443\"; ma=2592000,h3-T051=\":443\"; ma=2592000,h3-Q050=\":443\"; ma=2592000,h3-Q046=\":443\"; ma=2592000,h3-Q043=\":443\"; ma=2592000,quic=\":443\"; ma=2592000; v=\"46,43\"","accept-ranges":"none","transfer-encoding":"chunked"}
[debug] [2021-08-06T01:18:45.471Z] >>> HTTP REQUEST PATCH https://cloudfunctions.googleapis.com/v1/projects/criminalalertdb/locations/us-central1/functions/criminalMapInfo {"updateMask":"sourceUploadUrl,name,labels,runtime,environmentVariables,httpsTrigger"} 
 {"sourceUploadUrl":"https://storage.googleapis.com/gcf-upload-us-central1-d163eaf3-0747-4fb1-92e5-07e83a02797e/c7e8fdc6-f0e6-4d00-b278-024a8514180f.zip?GoogleAccessId=service-477286683416@gcf-admin-robot.iam.gserviceaccount.com&Expires=1628214521&Signature=eCPpcgf2Ep%2FhDbNyK%2FfVTkGpQq%2FDzDANowy91pNbOdxOUM%2FM%2FZj%2BwwBnY1sxNBEOF3MdWo6G4LIaJgPkFXLbFd3ULO%2F63dbvk9e0EPBkY6und0ap6fYwZPyaR50lxSpwQ0VcMSQO63GY0CoUd8C%2F86O%2FmA45DP2dEBkRHnhyjnQ31C4rVakNprod7zFDOmXYCtEfaKbd5s2J4Uyse9G9qWp2DQ3PPzeCvkfMadh4qD2JRwmp0q8OYQKnhGOeps2dEZlAbIbZtgmjsa10Vj5nuH%2FsbG5fim1MopyXa5E1uBN2Htdq0BkNj89RHNe4tqIGPxU7wmmDRLrcL2IRxnfEbw%3D%3D","name":"projects/criminalalertdb/locations/us-central1/functions/criminalMapInfo","labels":{"deployment-tool":"cli-firebase"},"httpsTrigger":{},"runtime":"nodejs12","environmentVariables":{"FIREBASE_CONFIG":"{\"projectId\":\"criminalalertdb\",\"storageBucket\":\"criminalalertdb.appspot.com\",\"locationId\":\"us-central\"}"}}
[debug] [2021-08-06T01:18:45.812Z] <<< HTTP RESPONSE 200 {"content-type":"application/json; charset=UTF-8","vary":"X-Origin, Referer, Origin,Accept-Encoding","date":"Fri, 06 Aug 2021 01:18:44 GMT","server":"ESF","cache-control":"private","x-xss-protection":"0","x-frame-options":"SAMEORIGIN","x-content-type-options":"nosniff","alt-svc":"h3=\":443\"; ma=2592000,h3-29=\":443\"; ma=2592000,h3-T051=\":443\"; ma=2592000,h3-Q050=\":443\"; ma=2592000,h3-Q046=\":443\"; ma=2592000,h3-Q043=\":443\"; ma=2592000,quic=\":443\"; ma=2592000; v=\"46,43\"","accept-ranges":"none","transfer-encoding":"chunked"}
[debug] [2021-08-06T01:18:45.813Z] > refreshing access token with scopes: []
[debug] [2021-08-06T01:18:45.813Z] >>> HTTP REQUEST POST https://www.googleapis.com/oauth2/v3/token  
 <request body omitted>
[debug] [2021-08-06T01:18:45.887Z] <<< HTTP RESPONSE 200 {"content-type":"application/json; charset=UTF-8","vary":"X-Origin, Referer, Origin,Accept-Encoding","date":"Fri, 06 Aug 2021 01:18:44 GMT","server":"ESF","cache-control":"private","x-xss-protection":"0","x-frame-options":"SAMEORIGIN","x-content-type-options":"nosniff","alt-svc":"h3=\":443\"; ma=2592000,h3-29=\":443\"; ma=2592000,h3-T051=\":443\"; ma=2592000,h3-Q050=\":443\"; ma=2592000,h3-Q046=\":443\"; ma=2592000,h3-Q043=\":443\"; ma=2592000,quic=\":443\"; ma=2592000; v=\"46,43\"","accept-ranges":"none","transfer-encoding":"chunked"}
[debug] [2021-08-06T01:18:45.888Z] > refreshing access token with scopes: []
[debug] [2021-08-06T01:18:45.888Z] >>> HTTP REQUEST POST https://www.googleapis.com/oauth2/v3/token  
 <request body omitted>
[debug] [2021-08-06T01:18:45.898Z] <<< HTTP RESPONSE 200 {"content-type":"application/json; charset=UTF-8","vary":"X-Origin, Referer, Origin,Accept-Encoding","date":"Fri, 06 Aug 2021 01:18:44 GMT","server":"ESF","cache-control":"private","x-xss-protection":"0","x-frame-options":"SAMEORIGIN","x-content-type-options":"nosniff","alt-svc":"h3=\":443\"; ma=2592000,h3-29=\":443\"; ma=2592000,h3-T051=\":443\"; ma=2592000,h3-Q050=\":443\"; ma=2592000,h3-Q046=\":443\"; ma=2592000,h3-Q043=\":443\"; ma=2592000,quic=\":443\"; ma=2592000; v=\"46,43\"","accept-ranges":"none","transfer-encoding":"chunked"}
[debug] [2021-08-06T01:18:45.899Z] > refreshing access token with scopes: []
[debug] [2021-08-06T01:18:45.899Z] >>> HTTP REQUEST POST https://www.googleapis.com/oauth2/v3/token  
 <request body omitted>
[debug] [2021-08-06T01:18:45.900Z] <<< HTTP RESPONSE 200 {"content-type":"application/json; charset=UTF-8","vary":"X-Origin, Referer, Origin,Accept-Encoding","date":"Fri, 06 Aug 2021 01:18:44 GMT","server":"ESF","cache-control":"private","x-xss-protection":"0","x-frame-options":"SAMEORIGIN","x-content-type-options":"nosniff","alt-svc":"h3=\":443\"; ma=2592000,h3-29=\":443\"; ma=2592000,h3-T051=\":443\"; ma=2592000,h3-Q050=\":443\"; ma=2592000,h3-Q046=\":443\"; ma=2592000,h3-Q043=\":443\"; ma=2592000,quic=\":443\"; ma=2592000; v=\"46,43\"","accept-ranges":"none","transfer-encoding":"chunked"}
[debug] [2021-08-06T01:18:45.901Z] > refreshing access token with scopes: []
[debug] [2021-08-06T01:18:45.901Z] >>> HTTP REQUEST POST https://www.googleapis.com/oauth2/v3/token  
 <request body omitted>
[debug] [2021-08-06T01:18:45.942Z] <<< HTTP RESPONSE 200 {"pragma":"no-cache","expires":"Mon, 01 Jan 1990 00:00:00 GMT","cache-control":"no-cache, no-store, max-age=0, must-revalidate","date":"Fri, 06 Aug 2021 01:18:44 GMT","content-type":"application/json; charset=utf-8","vary":"X-Origin, Referer, Origin,Accept-Encoding","server":"scaffolding on HTTPServer2","x-xss-protection":"0","x-frame-options":"SAMEORIGIN","x-content-type-options":"nosniff","alt-svc":"h3=\":443\"; ma=2592000,h3-29=\":443\"; ma=2592000,h3-T051=\":443\"; ma=2592000,h3-Q050=\":443\"; ma=2592000,h3-Q046=\":443\"; ma=2592000,h3-Q043=\":443\"; ma=2592000,quic=\":443\"; ma=2592000; v=\"46,43\"","accept-ranges":"none","transfer-encoding":"chunked"}
[debug] [2021-08-06T01:18:45.948Z] >>> [apiv2][query] GET https://cloudfunctions.googleapis.com/v1/operations/Y3JpbWluYWxhbGVydGRiL3VzLWNlbnRyYWwxL3VzZXJDcmltaW5hbEluZm8vWkgtenM3VEJjbWM [none]
[debug] [2021-08-06T01:18:46.022Z] <<< HTTP RESPONSE 200 {"pragma":"no-cache","expires":"Mon, 01 Jan 1990 00:00:00 GMT","cache-control":"no-cache, no-store, max-age=0, must-revalidate","date":"Fri, 06 Aug 2021 01:18:44 GMT","content-type":"application/json; charset=utf-8","vary":"X-Origin, Referer, Origin,Accept-Encoding","server":"scaffolding on HTTPServer2","x-xss-protection":"0","x-frame-options":"SAMEORIGIN","x-content-type-options":"nosniff","alt-svc":"h3=\":443\"; ma=2592000,h3-29=\":443\"; ma=2592000,h3-T051=\":443\"; ma=2592000,h3-Q050=\":443\"; ma=2592000,h3-Q046=\":443\"; ma=2592000,h3-Q043=\":443\"; ma=2592000,quic=\":443\"; ma=2592000; v=\"46,43\"","accept-ranges":"none","transfer-encoding":"chunked"}
[debug] [2021-08-06T01:18:46.034Z] >>> [apiv2][query] GET https://cloudfunctions.googleapis.com/v1/operations/Y3JpbWluYWxhbGVydGRiL3VzLWNlbnRyYWwxL2NyaW1pbmFsTWFwSW5mby9GTkFXb0NCVXFiOA [none]
[debug] [2021-08-06T01:18:46.036Z] <<< HTTP RESPONSE 200 {"pragma":"no-cache","expires":"Mon, 01 Jan 1990 00:00:00 GMT","date":"Fri, 06 Aug 2021 01:18:44 GMT","cache-control":"no-cache, no-store, max-age=0, must-revalidate","content-type":"application/json; charset=utf-8","vary":"X-Origin, Referer, Origin,Accept-Encoding","server":"scaffolding on HTTPServer2","x-xss-protection":"0","x-frame-options":"SAMEORIGIN","x-content-type-options":"nosniff","alt-svc":"h3=\":443\"; ma=2592000,h3-29=\":443\"; ma=2592000,h3-T051=\":443\"; ma=2592000,h3-Q050=\":443\"; ma=2592000,h3-Q046=\":443\"; ma=2592000,h3-Q043=\":443\"; ma=2592000,quic=\":443\"; ma=2592000; v=\"46,43\"","accept-ranges":"none","transfer-encoding":"chunked"}
[debug] [2021-08-06T01:18:46.043Z] >>> [apiv2][query] GET https://cloudfunctions.googleapis.com/v1/operations/Y3JpbWluYWxhbGVydGRiL3VzLWNlbnRyYWwxL2NyaW1pbmFsRm9ybURhdGEvM25YTkFadlV3ZTQ [none]
[debug] [2021-08-06T01:18:46.046Z] <<< HTTP RESPONSE 200 {"expires":"Mon, 01 Jan 1990 00:00:00 GMT","pragma":"no-cache","date":"Fri, 06 Aug 2021 01:18:44 GMT","cache-control":"no-cache, no-store, max-age=0, must-revalidate","content-type":"application/json; charset=utf-8","vary":"X-Origin, Referer, Origin,Accept-Encoding","server":"scaffolding on HTTPServer2","x-xss-protection":"0","x-frame-options":"SAMEORIGIN","x-content-type-options":"nosniff","alt-svc":"h3=\":443\"; ma=2592000,h3-29=\":443\"; ma=2592000,h3-T051=\":443\"; ma=2592000,h3-Q050=\":443\"; ma=2592000,h3-Q046=\":443\"; ma=2592000,h3-Q043=\":443\"; ma=2592000,quic=\":443\"; ma=2592000; v=\"46,43\"","accept-ranges":"none","transfer-encoding":"chunked"}
[debug] [2021-08-06T01:18:46.055Z] >>> [apiv2][query] GET https://cloudfunctions.googleapis.com/v1/operations/Y3JpbWluYWxhbGVydGRiL3VzLWNlbnRyYWwxL3VzZXJJbmZvcm1hcnRpb25UZXN0L1RGeXdzQUdkdC1Z [none]
[debug] [2021-08-06T01:18:46.280Z] <<< [apiv2][status] GET https://cloudfunctions.googleapis.com/v1/operations/Y3JpbWluYWxhbGVydGRiL3VzLWNlbnRyYWwxL2NyaW1pbmFsRm9ybURhdGEvM25YTkFadlV3ZTQ 200
[debug] [2021-08-06T01:18:46.281Z] <<< [apiv2][body] GET https://cloudfunctions.googleapis.com/v1/operations/Y3JpbWluYWxhbGVydGRiL3VzLWNlbnRyYWwxL2NyaW1pbmFsRm9ybURhdGEvM25YTkFadlV3ZTQ {"name":"operations/Y3JpbWluYWxhbGVydGRiL3VzLWNlbnRyYWwxL2NyaW1pbmFsRm9ybURhdGEvM25YTkFadlV3ZTQ","metadata":{"@type":"type.googleapis.com/google.cloud.functions.v1.OperationMetadataV1","target":"projects/criminalalertdb/locations/us-central1/functions/criminalFormData","type":"UPDATE_FUNCTION","request":{"@type":"type.googleapis.com/google.cloud.functions.v1.CloudFunction","name":"projects/criminalalertdb/locations/us-central1/functions/criminalFormData","httpsTrigger":{},"status":"ACTIVE","entryPoint":"criminalFormData","timeout":"60s","availableMemoryMb":256,"serviceAccountEmail":"criminalalertdb@appspot.gserviceaccount.com","updateTime":"2021-07-28T02:55:48.059Z","versionId":"91","labels":{"deployment-tool":"cli-firebase"},"sourceUploadUrl":"https://storage.googleapis.com/gcf-upload-us-central1-d163eaf3-0747-4fb1-92e5-07e83a02797e/c7e8fdc6-f0e6-4d00-b278-024a8514180f.zip?GoogleAccessId=service-477286683416@gcf-admin-robot.iam.gserviceaccount.com&Expires=1628214521&Signature=eCPpcgf2Ep%2FhDbNyK%2FfVTkGpQq%2FDzDANowy91pNbOdxOUM%2FM%2FZj%2BwwBnY1sxNBEOF3MdWo6G4LIaJgPkFXLbFd3ULO%2F63dbvk9e0EPBkY6und0ap6fYwZPyaR50lxSpwQ0VcMSQO63GY0CoUd8C%2F86O%2FmA45DP2dEBkRHnhyjnQ31C4rVakNprod7zFDOmXYCtEfaKbd5s2J4Uyse9G9qWp2DQ3PPzeCvkfMadh4qD2JRwmp0q8OYQKnhGOeps2dEZlAbIbZtgmjsa10Vj5nuH%2FsbG5fim1MopyXa5E1uBN2Htdq0BkNj89RHNe4tqIGPxU7wmmDRLrcL2IRxnfEbw%3D%3D","environmentVariables":{"FIREBASE_CONFIG":"{\"projectId\":\"criminalalertdb\",\"storageBucket\":\"criminalalertdb.appspot.com\",\"locationId\":\"us-central\"}"},"runtime":"nodejs12","ingressSettings":"ALLOW_ALL","buildId":"109e1ce4-6ba2-4714-b928-ecd00b0d313c"},"versionId":"95","updateTime":"2021-08-06T01:18:44Z","buildName":"projects/477286683416/locations/us-central1/builds/109e1ce4-6ba2-4714-b928-ecd00b0d313c"}}
[debug] [2021-08-06T01:18:46.305Z] <<< [apiv2][status] GET https://cloudfunctions.googleapis.com/v1/operations/Y3JpbWluYWxhbGVydGRiL3VzLWNlbnRyYWwxL3VzZXJJbmZvcm1hcnRpb25UZXN0L1RGeXdzQUdkdC1Z 200
[debug] [2021-08-06T01:18:46.305Z] <<< [apiv2][body] GET https://cloudfunctions.googleapis.com/v1/operations/Y3JpbWluYWxhbGVydGRiL3VzLWNlbnRyYWwxL3VzZXJJbmZvcm1hcnRpb25UZXN0L1RGeXdzQUdkdC1Z {"name":"operations/Y3JpbWluYWxhbGVydGRiL3VzLWNlbnRyYWwxL3VzZXJJbmZvcm1hcnRpb25UZXN0L1RGeXdzQUdkdC1Z","metadata":{"@type":"type.googleapis.com/google.cloud.functions.v1.OperationMetadataV1","target":"projects/criminalalertdb/locations/us-central1/functions/userInformartionTest","type":"UPDATE_FUNCTION","request":{"@type":"type.googleapis.com/google.cloud.functions.v1.CloudFunction","name":"projects/criminalalertdb/locations/us-central1/functions/userInformartionTest","httpsTrigger":{},"status":"ACTIVE","entryPoint":"userInformartionTest","timeout":"60s","availableMemoryMb":256,"serviceAccountEmail":"criminalalertdb@appspot.gserviceaccount.com","updateTime":"2021-07-28T02:55:49.365Z","versionId":"100","labels":{"deployment-tool":"cli-firebase"},"sourceUploadUrl":"https://storage.googleapis.com/gcf-upload-us-central1-d163eaf3-0747-4fb1-92e5-07e83a02797e/c7e8fdc6-f0e6-4d00-b278-024a8514180f.zip?GoogleAccessId=service-477286683416@gcf-admin-robot.iam.gserviceaccount.com&Expires=1628214521&Signature=eCPpcgf2Ep%2FhDbNyK%2FfVTkGpQq%2FDzDANowy91pNbOdxOUM%2FM%2FZj%2BwwBnY1sxNBEOF3MdWo6G4LIaJgPkFXLbFd3ULO%2F63dbvk9e0EPBkY6und0ap6fYwZPyaR50lxSpwQ0VcMSQO63GY0CoUd8C%2F86O%2FmA45DP2dEBkRHnhyjnQ31C4rVakNprod7zFDOmXYCtEfaKbd5s2J4Uyse9G9qWp2DQ3PPzeCvkfMadh4qD2JRwmp0q8OYQKnhGOeps2dEZlAbIbZtgmjsa10Vj5nuH%2FsbG5fim1MopyXa5E1uBN2Htdq0BkNj89RHNe4tqIGPxU7wmmDRLrcL2IRxnfEbw%3D%3D","environmentVariables":{"FIREBASE_CONFIG":"{\"projectId\":\"criminalalertdb\",\"storageBucket\":\"criminalalertdb.appspot.com\",\"locationId\":\"us-central\"}"},"runtime":"nodejs12","ingressSettings":"ALLOW_ALL","buildId":"109e1ce4-6ba2-4714-b928-ecd00b0d313c"},"versionId":"104","updateTime":"2021-08-06T01:18:44Z","buildName":"projects/477286683416/locations/us-central1/builds/109e1ce4-6ba2-4714-b928-ecd00b0d313c"}}
[debug] [2021-08-06T01:18:46.319Z] <<< [apiv2][status] GET https://cloudfunctions.googleapis.com/v1/operations/Y3JpbWluYWxhbGVydGRiL3VzLWNlbnRyYWwxL2NyaW1pbmFsTWFwSW5mby9GTkFXb0NCVXFiOA 200
[debug] [2021-08-06T01:18:46.320Z] <<< [apiv2][body] GET https://cloudfunctions.googleapis.com/v1/operations/Y3JpbWluYWxhbGVydGRiL3VzLWNlbnRyYWwxL2NyaW1pbmFsTWFwSW5mby9GTkFXb0NCVXFiOA {"name":"operations/Y3JpbWluYWxhbGVydGRiL3VzLWNlbnRyYWwxL2NyaW1pbmFsTWFwSW5mby9GTkFXb0NCVXFiOA","metadata":{"@type":"type.googleapis.com/google.cloud.functions.v1.OperationMetadataV1","target":"projects/criminalalertdb/locations/us-central1/functions/criminalMapInfo","type":"UPDATE_FUNCTION","request":{"@type":"type.googleapis.com/google.cloud.functions.v1.CloudFunction","name":"projects/criminalalertdb/locations/us-central1/functions/criminalMapInfo","httpsTrigger":{},"status":"ACTIVE","entryPoint":"criminalMapInfo","timeout":"60s","availableMemoryMb":256,"serviceAccountEmail":"criminalalertdb@appspot.gserviceaccount.com","updateTime":"2021-07-28T02:55:47.288Z","versionId":"15","labels":{"deployment-tool":"cli-firebase"},"sourceUploadUrl":"https://storage.googleapis.com/gcf-upload-us-central1-d163eaf3-0747-4fb1-92e5-07e83a02797e/c7e8fdc6-f0e6-4d00-b278-024a8514180f.zip?GoogleAccessId=service-477286683416@gcf-admin-robot.iam.gserviceaccount.com&Expires=1628214521&Signature=eCPpcgf2Ep%2FhDbNyK%2FfVTkGpQq%2FDzDANowy91pNbOdxOUM%2FM%2FZj%2BwwBnY1sxNBEOF3MdWo6G4LIaJgPkFXLbFd3ULO%2F63dbvk9e0EPBkY6und0ap6fYwZPyaR50lxSpwQ0VcMSQO63GY0CoUd8C%2F86O%2FmA45DP2dEBkRHnhyjnQ31C4rVakNprod7zFDOmXYCtEfaKbd5s2J4Uyse9G9qWp2DQ3PPzeCvkfMadh4qD2JRwmp0q8OYQKnhGOeps2dEZlAbIbZtgmjsa10Vj5nuH%2FsbG5fim1MopyXa5E1uBN2Htdq0BkNj89RHNe4tqIGPxU7wmmDRLrcL2IRxnfEbw%3D%3D","environmentVariables":{"FIREBASE_CONFIG":"{\"projectId\":\"criminalalertdb\",\"storageBucket\":\"criminalalertdb.appspot.com\",\"locationId\":\"us-central\"}"},"runtime":"nodejs12","ingressSettings":"ALLOW_ALL","buildId":"109e1ce4-6ba2-4714-b928-ecd00b0d313c"},"versionId":"19","updateTime":"2021-08-06T01:18:44Z","buildName":"projects/477286683416/locations/us-central1/builds/109e1ce4-6ba2-4714-b928-ecd00b0d313c"},"done":true,"error":{"code":9,"message":"Cloud storage operation for gcf-sources-477286683416-us-central1 failed as the billing account is not available"}}
[debug] [2021-08-06T01:18:46.343Z] <<< [apiv2][status] GET https://cloudfunctions.googleapis.com/v1/operations/Y3JpbWluYWxhbGVydGRiL3VzLWNlbnRyYWwxL3VzZXJDcmltaW5hbEluZm8vWkgtenM3VEJjbWM 200
[debug] [2021-08-06T01:18:46.343Z] <<< [apiv2][body] GET https://cloudfunctions.googleapis.com/v1/operations/Y3JpbWluYWxhbGVydGRiL3VzLWNlbnRyYWwxL3VzZXJDcmltaW5hbEluZm8vWkgtenM3VEJjbWM {"name":"operations/Y3JpbWluYWxhbGVydGRiL3VzLWNlbnRyYWwxL3VzZXJDcmltaW5hbEluZm8vWkgtenM3VEJjbWM","metadata":{"@type":"type.googleapis.com/google.cloud.functions.v1.OperationMetadataV1","target":"projects/criminalalertdb/locations/us-central1/functions/userCriminalInfo","type":"UPDATE_FUNCTION","request":{"@type":"type.googleapis.com/google.cloud.functions.v1.CloudFunction","name":"projects/criminalalertdb/locations/us-central1/functions/userCriminalInfo","httpsTrigger":{},"status":"ACTIVE","entryPoint":"userCriminalInfo","timeout":"60s","availableMemoryMb":256,"serviceAccountEmail":"criminalalertdb@appspot.gserviceaccount.com","updateTime":"2021-07-28T02:55:46.956Z","versionId":"14","labels":{"deployment-tool":"cli-firebase"},"sourceUploadUrl":"https://storage.googleapis.com/gcf-upload-us-central1-d163eaf3-0747-4fb1-92e5-07e83a02797e/c7e8fdc6-f0e6-4d00-b278-024a8514180f.zip?GoogleAccessId=service-477286683416@gcf-admin-robot.iam.gserviceaccount.com&Expires=1628214521&Signature=eCPpcgf2Ep%2FhDbNyK%2FfVTkGpQq%2FDzDANowy91pNbOdxOUM%2FM%2FZj%2BwwBnY1sxNBEOF3MdWo6G4LIaJgPkFXLbFd3ULO%2F63dbvk9e0EPBkY6und0ap6fYwZPyaR50lxSpwQ0VcMSQO63GY0CoUd8C%2F86O%2FmA45DP2dEBkRHnhyjnQ31C4rVakNprod7zFDOmXYCtEfaKbd5s2J4Uyse9G9qWp2DQ3PPzeCvkfMadh4qD2JRwmp0q8OYQKnhGOeps2dEZlAbIbZtgmjsa10Vj5nuH%2FsbG5fim1MopyXa5E1uBN2Htdq0BkNj89RHNe4tqIGPxU7wmmDRLrcL2IRxnfEbw%3D%3D","environmentVariables":{"FIREBASE_CONFIG":"{\"projectId\":\"criminalalertdb\",\"storageBucket\":\"criminalalertdb.appspot.com\",\"locationId\":\"us-central\"}"},"runtime":"nodejs12","ingressSettings":"ALLOW_ALL","buildId":"109e1ce4-6ba2-4714-b928-ecd00b0d313c"},"versionId":"18","updateTime":"2021-08-06T01:18:44Z","buildName":"projects/477286683416/locations/us-central1/builds/109e1ce4-6ba2-4714-b928-ecd00b0d313c"},"done":true,"error":{"code":9,"message":"Cloud storage operation for gcf-sources-477286683416-us-central1 failed as the billing account is not available"}}
[debug] [2021-08-06T01:18:46.791Z] [update-projects/criminalalertdb/locations/us-central1/functions/criminalFormData] Retrying task index 0
[debug] [2021-08-06T01:18:46.792Z] >>> [apiv2][query] GET https://cloudfunctions.googleapis.com/v1/operations/Y3JpbWluYWxhbGVydGRiL3VzLWNlbnRyYWwxL2NyaW1pbmFsRm9ybURhdGEvM25YTkFadlV3ZTQ [none]
[debug] [2021-08-06T01:18:46.807Z] [update-projects/criminalalertdb/locations/us-central1/functions/userInformartionTest] Retrying task index 0
[debug] [2021-08-06T01:18:46.808Z] >>> [apiv2][query] GET https://cloudfunctions.googleapis.com/v1/operations/Y3JpbWluYWxhbGVydGRiL3VzLWNlbnRyYWwxL3VzZXJJbmZvcm1hcnRpb25UZXN0L1RGeXdzQUdkdC1Z [none]
[debug] [2021-08-06T01:18:47.040Z] <<< [apiv2][status] GET https://cloudfunctions.googleapis.com/v1/operations/Y3JpbWluYWxhbGVydGRiL3VzLWNlbnRyYWwxL2NyaW1pbmFsRm9ybURhdGEvM25YTkFadlV3ZTQ 200
[debug] [2021-08-06T01:18:47.041Z] <<< [apiv2][body] GET https://cloudfunctions.googleapis.com/v1/operations/Y3JpbWluYWxhbGVydGRiL3VzLWNlbnRyYWwxL2NyaW1pbmFsRm9ybURhdGEvM25YTkFadlV3ZTQ {"name":"operations/Y3JpbWluYWxhbGVydGRiL3VzLWNlbnRyYWwxL2NyaW1pbmFsRm9ybURhdGEvM25YTkFadlV3ZTQ","metadata":{"@type":"type.googleapis.com/google.cloud.functions.v1.OperationMetadataV1","target":"projects/criminalalertdb/locations/us-central1/functions/criminalFormData","type":"UPDATE_FUNCTION","request":{"@type":"type.googleapis.com/google.cloud.functions.v1.CloudFunction","name":"projects/criminalalertdb/locations/us-central1/functions/criminalFormData","httpsTrigger":{},"status":"ACTIVE","entryPoint":"criminalFormData","timeout":"60s","availableMemoryMb":256,"serviceAccountEmail":"criminalalertdb@appspot.gserviceaccount.com","updateTime":"2021-07-28T02:55:48.059Z","versionId":"91","labels":{"deployment-tool":"cli-firebase"},"sourceUploadUrl":"https://storage.googleapis.com/gcf-upload-us-central1-d163eaf3-0747-4fb1-92e5-07e83a02797e/c7e8fdc6-f0e6-4d00-b278-024a8514180f.zip?GoogleAccessId=service-477286683416@gcf-admin-robot.iam.gserviceaccount.com&Expires=1628214521&Signature=eCPpcgf2Ep%2FhDbNyK%2FfVTkGpQq%2FDzDANowy91pNbOdxOUM%2FM%2FZj%2BwwBnY1sxNBEOF3MdWo6G4LIaJgPkFXLbFd3ULO%2F63dbvk9e0EPBkY6und0ap6fYwZPyaR50lxSpwQ0VcMSQO63GY0CoUd8C%2F86O%2FmA45DP2dEBkRHnhyjnQ31C4rVakNprod7zFDOmXYCtEfaKbd5s2J4Uyse9G9qWp2DQ3PPzeCvkfMadh4qD2JRwmp0q8OYQKnhGOeps2dEZlAbIbZtgmjsa10Vj5nuH%2FsbG5fim1MopyXa5E1uBN2Htdq0BkNj89RHNe4tqIGPxU7wmmDRLrcL2IRxnfEbw%3D%3D","environmentVariables":{"FIREBASE_CONFIG":"{\"projectId\":\"criminalalertdb\",\"storageBucket\":\"criminalalertdb.appspot.com\",\"locationId\":\"us-central\"}"},"runtime":"nodejs12","ingressSettings":"ALLOW_ALL","buildId":"109e1ce4-6ba2-4714-b928-ecd00b0d313c"},"versionId":"95","updateTime":"2021-08-06T01:18:44Z","buildName":"projects/477286683416/locations/us-central1/builds/109e1ce4-6ba2-4714-b928-ecd00b0d313c"},"done":true,"error":{"code":9,"message":"Cloud storage operation for gcf-sources-477286683416-us-central1 failed as the billing account is not available"}}
[debug] [2021-08-06T01:18:47.084Z] <<< [apiv2][status] GET https://cloudfunctions.googleapis.com/v1/operations/Y3JpbWluYWxhbGVydGRiL3VzLWNlbnRyYWwxL3VzZXJJbmZvcm1hcnRpb25UZXN0L1RGeXdzQUdkdC1Z 200
[debug] [2021-08-06T01:18:47.084Z] <<< [apiv2][body] GET https://cloudfunctions.googleapis.com/v1/operations/Y3JpbWluYWxhbGVydGRiL3VzLWNlbnRyYWwxL3VzZXJJbmZvcm1hcnRpb25UZXN0L1RGeXdzQUdkdC1Z {"name":"operations/Y3JpbWluYWxhbGVydGRiL3VzLWNlbnRyYWwxL3VzZXJJbmZvcm1hcnRpb25UZXN0L1RGeXdzQUdkdC1Z","metadata":{"@type":"type.googleapis.com/google.cloud.functions.v1.OperationMetadataV1","target":"projects/criminalalertdb/locations/us-central1/functions/userInformartionTest","type":"UPDATE_FUNCTION","request":{"@type":"type.googleapis.com/google.cloud.functions.v1.CloudFunction","name":"projects/criminalalertdb/locations/us-central1/functions/userInformartionTest","httpsTrigger":{},"status":"ACTIVE","entryPoint":"userInformartionTest","timeout":"60s","availableMemoryMb":256,"serviceAccountEmail":"criminalalertdb@appspot.gserviceaccount.com","updateTime":"2021-07-28T02:55:49.365Z","versionId":"100","labels":{"deployment-tool":"cli-firebase"},"sourceUploadUrl":"https://storage.googleapis.com/gcf-upload-us-central1-d163eaf3-0747-4fb1-92e5-07e83a02797e/c7e8fdc6-f0e6-4d00-b278-024a8514180f.zip?GoogleAccessId=service-477286683416@gcf-admin-robot.iam.gserviceaccount.com&Expires=1628214521&Signature=eCPpcgf2Ep%2FhDbNyK%2FfVTkGpQq%2FDzDANowy91pNbOdxOUM%2FM%2FZj%2BwwBnY1sxNBEOF3MdWo6G4LIaJgPkFXLbFd3ULO%2F63dbvk9e0EPBkY6und0ap6fYwZPyaR50lxSpwQ0VcMSQO63GY0CoUd8C%2F86O%2FmA45DP2dEBkRHnhyjnQ31C4rVakNprod7zFDOmXYCtEfaKbd5s2J4Uyse9G9qWp2DQ3PPzeCvkfMadh4qD2JRwmp0q8OYQKnhGOeps2dEZlAbIbZtgmjsa10Vj5nuH%2FsbG5fim1MopyXa5E1uBN2Htdq0BkNj89RHNe4tqIGPxU7wmmDRLrcL2IRxnfEbw%3D%3D","environmentVariables":{"FIREBASE_CONFIG":"{\"projectId\":\"criminalalertdb\",\"storageBucket\":\"criminalalertdb.appspot.com\",\"locationId\":\"us-central\"}"},"runtime":"nodejs12","ingressSettings":"ALLOW_ALL","buildId":"109e1ce4-6ba2-4714-b928-ecd00b0d313c"},"versionId":"104","updateTime":"2021-08-06T01:18:44Z","buildName":"projects/477286683416/locations/us-central1/builds/109e1ce4-6ba2-4714-b928-ecd00b0d313c"},"done":true,"error":{"code":9,"message":"Cloud storage operation for gcf-sources-477286683416-us-central1 failed as the billing account is not available"}}
[debug] [2021-08-06T01:18:47.086Z] Total Function Deployment time: 2696
[debug] [2021-08-06T01:18:47.086Z] 5 Functions Deployed
[debug] [2021-08-06T01:18:47.086Z] 5 Functions Errored
[debug] [2021-08-06T01:18:47.086Z] Average Function Deployment time: 1304.8
[debug] [2021-08-06T01:18:47.087Z] > refreshing access token with scopes: ["email","https://www.googleapis.com/auth/cloud-platform","https://www.googleapis.com/auth/cloudplatformprojects.readonly","https://www.googleapis.com/auth/firebase","openid"]
[debug] [2021-08-06T01:18:47.087Z] >>> HTTP REQUEST POST https://www.googleapis.com/oauth2/v3/token  
 <request body omitted>
[info] 
Functions deploy had errors with the following functions:
[info] 	criminalGetLocation(us-central1)
[info] 	criminalMapInfo(us-central1)
[info] 	userCriminalInfo(us-central1)
[info] 	criminalFormData(us-central1)
[info] 	userInformartionTest(us-central1)
[info] 
To try redeploying those functions, run:
[info]     firebase deploy --only "functions:criminalGetLocation,functions:criminalMapInfo,functions:userCriminalInfo,functions:criminalFormData,functions:userInformartionTest"
[info] 
To continue deploying other features (such as database), run:
[info]     firebase deploy --except functions
[debug] [2021-08-06T01:18:47.089Z] 	Error during update for projects/criminalalertdb/locations/us-central1/functions/criminalGetLocation: 
[debug] [2021-08-06T01:18:47.089Z] 	Error during update for projects/criminalalertdb/locations/us-central1/functions/criminalMapInfo: 
[debug] [2021-08-06T01:18:47.089Z] 	Error during update for projects/criminalalertdb/locations/us-central1/functions/userCriminalInfo: 
[debug] [2021-08-06T01:18:47.090Z] 	Error during update for projects/criminalalertdb/locations/us-central1/functions/criminalFormData: 
[debug] [2021-08-06T01:18:47.090Z] 	Error during update for projects/criminalalertdb/locations/us-central1/functions/userInformartionTest: 
[error] 
[error] Error: Functions did not deploy properly.
[debug] [2021-08-06T01:18:47.234Z] <<< HTTP RESPONSE 200 {"pragma":"no-cache","date":"Fri, 06 Aug 2021 01:18:45 GMT","cache-control":"no-cache, no-store, max-age=0, must-revalidate","expires":"Mon, 01 Jan 1990 00:00:00 GMT","content-type":"application/json; charset=utf-8","vary":"X-Origin, Referer, Origin,Accept-Encoding","server":"scaffolding on HTTPServer2","x-xss-protection":"0","x-frame-options":"SAMEORIGIN","x-content-type-options":"nosniff","alt-svc":"h3=\":443\"; ma=2592000,h3-29=\":443\"; ma=2592000,h3-T051=\":443\"; ma=2592000,h3-Q050=\":443\"; ma=2592000,h3-Q046=\":443\"; ma=2592000,h3-Q043=\":443\"; ma=2592000,quic=\":443\"; ma=2592000; v=\"46,43\"","accept-ranges":"none","transfer-encoding":"chunked"}
[debug] [2021-08-06T01:18:47.240Z] >>> HTTP REQUEST GET https://cloudfunctions.googleapis.com/v1/projects/criminalalertdb/locations/-/functions  
 
